2025-04-11 10:49:00,898 - UpdateCustomerNames - INFO - Starting Update Customer Names from CSV
2025-04-11 10:49:00,898 - UpdateCustomerNames - INFO - Updating customer names in /Users/adamrutstein/Library/CloudStorage/GoogleDrive-adam@elimotors.co.uk/My Drive/GA4_Direct_Access_Tool_Package/data/garage_system.db
2025-04-11 10:49:00,899 - UpdateCustomerNames - INFO - Updating customer names from /Users/adamrutstein/Library/CloudStorage/GoogleDrive-adam@elimotors.co.uk/My Drive/Data Exports/Customers.csv to /Users/adamrutstein/Library/CloudStorage/GoogleDrive-adam@elimotors.co.uk/My Drive/GA4_Direct_Access_Tool_Package/data/garage_system.db
2025-04-11 10:49:00,904 - UpdateCustomerNames - INFO - Found 6984 customers in database
2025-04-11 10:49:00,905 - UpdateCustomerNames - INFO - Found 45 columns in CSV file
2025-04-11 10:49:00,916 - UpdateCustomerNames - INFO - Found 6984 rows in CSV file
2025-04-11 10:49:00,918 - UpdateCustomerNames - INFO - Updated 100 customer names so far
2025-04-11 10:49:00,920 - UpdateCustomerNames - INFO - Updated 200 customer names so far
2025-04-11 10:49:00,921 - UpdateCustomerNames - INFO - Updated 300 customer names so far
2025-04-11 10:49:00,922 - UpdateCustomerNames - INFO - Updated 400 customer names so far
2025-04-11 10:49:00,923 - UpdateCustomerNames - INFO - Updated 500 customer names so far
2025-04-11 10:49:00,924 - UpdateCustomerNames - INFO - Updated 600 customer names so far
2025-04-11 10:49:00,925 - UpdateCustomerNames - INFO - Updated 700 customer names so far
2025-04-11 10:49:00,926 - UpdateCustomerNames - INFO - Updated 800 customer names so far
2025-04-11 10:49:00,927 - UpdateCustomerNames - INFO - Updated 900 customer names so far
2025-04-11 10:49:00,928 - UpdateCustomerNames - INFO - Updated 1000 customer names so far
2025-04-11 10:49:00,929 - UpdateCustomerNames - INFO - Updated 1100 customer names so far
2025-04-11 10:49:00,931 - UpdateCustomerNames - INFO - Updated 1200 customer names so far
2025-04-11 10:49:00,932 - UpdateCustomerNames - INFO - Updated 1300 customer names so far
2025-04-11 10:49:00,933 - UpdateCustomerNames - INFO - Updated 1400 customer names so far
2025-04-11 10:49:00,934 - UpdateCustomerNames - INFO - Updated 1500 customer names so far
2025-04-11 10:49:00,935 - UpdateCustomerNames - INFO - Updated 1600 customer names so far
2025-04-11 10:49:00,936 - UpdateCustomerNames - INFO - Updated 1700 customer names so far
2025-04-11 10:49:00,938 - UpdateCustomerNames - INFO - Updated 1800 customer names so far
2025-04-11 10:49:00,939 - UpdateCustomerNames - INFO - Updated 1900 customer names so far
2025-04-11 10:49:00,939 - UpdateCustomerNames - INFO - Updated 2000 customer names so far
2025-04-11 10:49:00,940 - UpdateCustomerNames - INFO - Updated 2100 customer names so far
2025-04-11 10:49:00,942 - UpdateCustomerNames - INFO - Updated 2200 customer names so far
2025-04-11 10:49:00,943 - UpdateCustomerNames - INFO - Updated 2300 customer names so far
2025-04-11 10:49:00,944 - UpdateCustomerNames - INFO - Updated 2400 customer names so far
2025-04-11 10:49:00,945 - UpdateCustomerNames - INFO - Updated 2500 customer names so far
2025-04-11 10:49:00,946 - UpdateCustomerNames - INFO - Updated 2600 customer names so far
2025-04-11 10:49:00,947 - UpdateCustomerNames - INFO - Updated 2700 customer names so far
2025-04-11 10:49:00,948 - UpdateCustomerNames - INFO - Updated 2800 customer names so far
2025-04-11 10:49:00,949 - UpdateCustomerNames - INFO - Updated 2900 customer names so far
2025-04-11 10:49:00,952 - UpdateCustomerNames - INFO - Updated 3000 customer names so far
2025-04-11 10:49:00,953 - UpdateCustomerNames - INFO - Updated 3100 customer names so far
2025-04-11 10:49:00,954 - UpdateCustomerNames - INFO - Updated 3200 customer names so far
2025-04-11 10:49:00,955 - UpdateCustomerNames - INFO - Updated 3300 customer names so far
2025-04-11 10:49:00,957 - UpdateCustomerNames - INFO - Updated 3400 customer names so far
2025-04-11 10:49:00,958 - UpdateCustomerNames - INFO - Updated 3500 customer names so far
2025-04-11 10:49:00,959 - UpdateCustomerNames - INFO - Updated 3600 customer names so far
2025-04-11 10:49:00,960 - UpdateCustomerNames - INFO - Updated 3700 customer names so far
2025-04-11 10:49:00,961 - UpdateCustomerNames - INFO - Updated 3800 customer names so far
2025-04-11 10:49:00,962 - UpdateCustomerNames - INFO - Updated 3900 customer names so far
2025-04-11 10:49:00,964 - UpdateCustomerNames - INFO - Updated 4000 customer names so far
2025-04-11 10:49:00,964 - UpdateCustomerNames - INFO - Updated 4100 customer names so far
2025-04-11 10:49:00,965 - UpdateCustomerNames - INFO - Updated 4200 customer names so far
2025-04-11 10:49:00,966 - UpdateCustomerNames - INFO - Updated 4300 customer names so far
2025-04-11 10:49:00,967 - UpdateCustomerNames - INFO - Updated 4400 customer names so far
2025-04-11 10:49:00,968 - UpdateCustomerNames - INFO - Updated 4500 customer names so far
2025-04-11 10:49:00,971 - UpdateCustomerNames - INFO - Updated 4600 customer names so far
2025-04-11 10:49:00,972 - UpdateCustomerNames - INFO - Updated 4700 customer names so far
2025-04-11 10:49:00,973 - UpdateCustomerNames - INFO - Updated 4800 customer names so far
2025-04-11 10:49:00,974 - UpdateCustomerNames - INFO - Updated 4900 customer names so far
2025-04-11 10:49:00,974 - UpdateCustomerNames - INFO - Updated 5000 customer names so far
2025-04-11 10:49:00,975 - UpdateCustomerNames - INFO - Updated 5100 customer names so far
2025-04-11 10:49:00,977 - UpdateCustomerNames - INFO - Updated 5200 customer names so far
2025-04-11 10:49:00,978 - UpdateCustomerNames - WARNING - No name found for CSV row 5260
2025-04-11 10:49:00,978 - UpdateCustomerNames - INFO - Updated 5300 customer names so far
2025-04-11 10:49:00,979 - UpdateCustomerNames - WARNING - No name found for CSV row 5383
2025-04-11 10:49:00,979 - UpdateCustomerNames - INFO - Updated 5400 customer names so far
2025-04-11 10:49:00,980 - UpdateCustomerNames - INFO - Updated 5500 customer names so far
2025-04-11 10:49:00,981 - UpdateCustomerNames - INFO - Updated 5600 customer names so far
2025-04-11 10:49:00,982 - UpdateCustomerNames - INFO - Updated 5700 customer names so far
2025-04-11 10:49:00,983 - UpdateCustomerNames - INFO - Updated 5800 customer names so far
2025-04-11 10:49:00,985 - UpdateCustomerNames - INFO - Updated 5900 customer names so far
2025-04-11 10:49:00,985 - UpdateCustomerNames - INFO - Updated 6000 customer names so far
2025-04-11 10:49:00,986 - UpdateCustomerNames - INFO - Updated 6100 customer names so far
2025-04-11 10:49:00,987 - UpdateCustomerNames - INFO - Updated 6200 customer names so far
2025-04-11 10:49:00,989 - UpdateCustomerNames - INFO - Updated 6300 customer names so far
2025-04-11 10:49:00,990 - UpdateCustomerNames - INFO - Updated 6400 customer names so far
2025-04-11 10:49:00,991 - UpdateCustomerNames - INFO - Updated 6500 customer names so far
2025-04-11 10:49:00,991 - UpdateCustomerNames - INFO - Updated 6600 customer names so far
2025-04-11 10:49:00,992 - UpdateCustomerNames - INFO - Updated 6700 customer names so far
2025-04-11 10:49:00,993 - UpdateCustomerNames - INFO - Updated 6800 customer names so far
2025-04-11 10:49:00,994 - UpdateCustomerNames - INFO - Updated 6900 customer names so far
2025-04-11 10:49:00,995 - UpdateCustomerNames - WARNING - No name found for CSV row 6930
2025-04-11 10:49:00,995 - UpdateCustomerNames - INFO - Updated 6981 customer names
2025-04-11 10:49:00,996 - UpdateCustomerNames - INFO - Total customer names updated: 6981
2025-04-11 10:49:00,996 - UpdateCustomerNames - INFO - Update Customer Names from CSV completed
2025-04-11 10:58:18,208 - UpdateCustomerNames - INFO - Starting Update Customer Names from CSV
2025-04-11 10:58:18,208 - UpdateCustomerNames - INFO - Updating customer names in /Users/adamrutstein/Library/CloudStorage/GoogleDrive-adam@elimotors.co.uk/My Drive/GA4_Direct_Access_Tool_Package/data/garage_system.db
2025-04-11 10:58:18,208 - UpdateCustomerNames - INFO - Updating customer names from /Users/adamrutstein/Library/CloudStorage/GoogleDrive-adam@elimotors.co.uk/My Drive/Data Exports/Customers.csv to /Users/adamrutstein/Library/CloudStorage/GoogleDrive-adam@elimotors.co.uk/My Drive/GA4_Direct_Access_Tool_Package/data/garage_system.db
2025-04-11 10:58:18,211 - UpdateCustomerNames - INFO - Found 6984 customers in database
2025-04-11 10:58:18,212 - UpdateCustomerNames - INFO - Found 45 columns in CSV file
2025-04-11 10:58:18,223 - UpdateCustomerNames - INFO - Found 6984 rows in CSV file
2025-04-11 10:58:18,225 - UpdateCustomerNames - INFO - Updated 100 customer names so far
2025-04-11 10:58:18,227 - UpdateCustomerNames - INFO - Updated 200 customer names so far
2025-04-11 10:58:18,228 - UpdateCustomerNames - INFO - Updated 300 customer names so far
2025-04-11 10:58:18,229 - UpdateCustomerNames - INFO - Updated 400 customer names so far
2025-04-11 10:58:18,230 - UpdateCustomerNames - INFO - Updated 500 customer names so far
2025-04-11 10:58:18,231 - UpdateCustomerNames - INFO - Updated 600 customer names so far
2025-04-11 10:58:18,232 - UpdateCustomerNames - INFO - Updated 700 customer names so far
2025-04-11 10:58:18,235 - UpdateCustomerNames - INFO - Updated 800 customer names so far
2025-04-11 10:58:18,237 - UpdateCustomerNames - INFO - Updated 900 customer names so far
2025-04-11 10:58:18,238 - UpdateCustomerNames - INFO - Updated 1000 customer names so far
2025-04-11 10:58:18,239 - UpdateCustomerNames - INFO - Updated 1100 customer names so far
2025-04-11 10:58:18,240 - UpdateCustomerNames - INFO - Updated 1200 customer names so far
2025-04-11 10:58:18,241 - UpdateCustomerNames - INFO - Updated 1300 customer names so far
2025-04-11 10:58:18,243 - UpdateCustomerNames - INFO - Updated 1400 customer names so far
2025-04-11 10:58:18,246 - UpdateCustomerNames - INFO - Updated 1500 customer names so far
2025-04-11 10:58:18,247 - UpdateCustomerNames - INFO - Updated 1600 customer names so far
2025-04-11 10:58:18,249 - UpdateCustomerNames - INFO - Updated 1700 customer names so far
2025-04-11 10:58:18,250 - UpdateCustomerNames - INFO - Updated 1800 customer names so far
2025-04-11 10:58:18,251 - UpdateCustomerNames - INFO - Updated 1900 customer names so far
2025-04-11 10:58:18,254 - UpdateCustomerNames - INFO - Updated 2000 customer names so far
2025-04-11 10:58:18,255 - UpdateCustomerNames - INFO - Updated 2100 customer names so far
2025-04-11 10:58:18,256 - UpdateCustomerNames - INFO - Updated 2200 customer names so far
2025-04-11 10:58:18,258 - UpdateCustomerNames - INFO - Updated 2300 customer names so far
2025-04-11 10:58:18,259 - UpdateCustomerNames - INFO - Updated 2400 customer names so far
2025-04-11 10:58:18,260 - UpdateCustomerNames - INFO - Updated 2500 customer names so far
2025-04-11 10:58:18,261 - UpdateCustomerNames - INFO - Updated 2600 customer names so far
2025-04-11 10:58:18,262 - UpdateCustomerNames - INFO - Updated 2700 customer names so far
2025-04-11 10:58:18,264 - UpdateCustomerNames - INFO - Updated 2800 customer names so far
2025-04-11 10:58:18,265 - UpdateCustomerNames - INFO - Updated 2900 customer names so far
2025-04-11 10:58:18,266 - UpdateCustomerNames - INFO - Updated 3000 customer names so far
2025-04-11 10:58:18,267 - UpdateCustomerNames - INFO - Updated 3100 customer names so far
2025-04-11 10:58:18,268 - UpdateCustomerNames - INFO - Updated 3200 customer names so far
2025-04-11 10:58:18,269 - UpdateCustomerNames - INFO - Updated 3300 customer names so far
2025-04-11 10:58:18,271 - UpdateCustomerNames - INFO - Updated 3400 customer names so far
2025-04-11 10:58:18,271 - UpdateCustomerNames - INFO - Updated 3500 customer names so far
2025-04-11 10:58:18,272 - UpdateCustomerNames - INFO - Updated 3600 customer names so far
2025-04-11 10:58:18,273 - UpdateCustomerNames - INFO - Updated 3700 customer names so far
2025-04-11 10:58:18,274 - UpdateCustomerNames - INFO - Updated 3800 customer names so far
2025-04-11 10:58:18,275 - UpdateCustomerNames - INFO - Updated 3900 customer names so far
2025-04-11 10:58:18,276 - UpdateCustomerNames - INFO - Updated 4000 customer names so far
2025-04-11 10:58:18,277 - UpdateCustomerNames - INFO - Updated 4100 customer names so far
2025-04-11 10:58:18,278 - UpdateCustomerNames - INFO - Updated 4200 customer names so far
2025-04-11 10:58:18,279 - UpdateCustomerNames - INFO - Updated 4300 customer names so far
2025-04-11 10:58:18,280 - UpdateCustomerNames - INFO - Updated 4400 customer names so far
2025-04-11 10:58:18,281 - UpdateCustomerNames - INFO - Updated 4500 customer names so far
2025-04-11 10:58:18,282 - UpdateCustomerNames - INFO - Updated 4600 customer names so far
2025-04-11 10:58:18,283 - UpdateCustomerNames - INFO - Updated 4700 customer names so far
2025-04-11 10:58:18,284 - UpdateCustomerNames - INFO - Updated 4800 customer names so far
2025-04-11 10:58:18,284 - UpdateCustomerNames - INFO - Updated 4900 customer names so far
2025-04-11 10:58:18,285 - UpdateCustomerNames - INFO - Updated 5000 customer names so far
2025-04-11 10:58:18,286 - UpdateCustomerNames - INFO - Updated 5100 customer names so far
2025-04-11 10:58:18,287 - UpdateCustomerNames - INFO - Updated 5200 customer names so far
2025-04-11 10:58:18,288 - UpdateCustomerNames - WARNING - No name found for CSV row 5260
2025-04-11 10:58:18,288 - UpdateCustomerNames - INFO - Updated 5300 customer names so far
2025-04-11 10:58:18,289 - UpdateCustomerNames - WARNING - No name found for CSV row 5383
2025-04-11 10:58:18,289 - UpdateCustomerNames - INFO - Updated 5400 customer names so far
2025-04-11 10:58:18,290 - UpdateCustomerNames - INFO - Updated 5500 customer names so far
2025-04-11 10:58:18,291 - UpdateCustomerNames - INFO - Updated 5600 customer names so far
2025-04-11 10:58:18,292 - UpdateCustomerNames - INFO - Updated 5700 customer names so far
2025-04-11 10:58:18,293 - UpdateCustomerNames - INFO - Updated 5800 customer names so far
2025-04-11 10:58:18,294 - UpdateCustomerNames - INFO - Updated 5900 customer names so far
2025-04-11 10:58:18,295 - UpdateCustomerNames - INFO - Updated 6000 customer names so far
2025-04-11 10:58:18,296 - UpdateCustomerNames - INFO - Updated 6100 customer names so far
2025-04-11 10:58:18,296 - UpdateCustomerNames - INFO - Updated 6200 customer names so far
2025-04-11 10:58:18,297 - UpdateCustomerNames - INFO - Updated 6300 customer names so far
2025-04-11 10:58:18,298 - UpdateCustomerNames - INFO - Updated 6400 customer names so far
2025-04-11 10:58:18,299 - UpdateCustomerNames - INFO - Updated 6500 customer names so far
2025-04-11 10:58:18,300 - UpdateCustomerNames - INFO - Updated 6600 customer names so far
2025-04-11 10:58:18,301 - UpdateCustomerNames - INFO - Updated 6700 customer names so far
2025-04-11 10:58:18,302 - UpdateCustomerNames - INFO - Updated 6800 customer names so far
2025-04-11 10:58:18,303 - UpdateCustomerNames - INFO - Updated 6900 customer names so far
2025-04-11 10:58:18,303 - UpdateCustomerNames - WARNING - No name found for CSV row 6930
2025-04-11 10:58:18,304 - UpdateCustomerNames - INFO - Updated 6981 customer names
2025-04-11 10:58:18,305 - UpdateCustomerNames - INFO - Total customer names updated: 6981
2025-04-11 10:58:18,305 - UpdateCustomerNames - INFO - Update Customer Names from CSV completed
